2022-06-02 05:06:50,219    settings.setting - INFO : Config file Read successfully!
2022-06-02 05:08:47,888    settings.setting - INFO : Config file Read successfully!
2022-06-02 05:09:07,205    app.run - INFO : New directory created 'Array'!
2022-06-02 05:09:07,205    app.run - INFO : New directory created 'Reverse_array'!
2022-06-05 18:03:59,414    settings.setting - INFO : Config file Read successfully!
2022-06-05 18:04:25,109    settings.setting - INFO : Config file Read successfully!
2022-06-05 18:05:28,080    app.run - INFO : New directory created 'Bit_Manipulation'!
2022-06-05 18:05:28,082    app.run - INFO : New directory created 'basicBitManipulation'!
2022-06-05 18:10:48,447    settings.setting - INFO : Config file Read successfully!
2022-06-05 18:11:42,698    settings.setting - INFO : Config file Read successfully!
2022-06-05 18:59:22,859    settings.setting - INFO : Config file Read successfully!
2022-06-05 18:59:49,379    app.run - INFO : New directory created 'findNumIsPowerOf2'!
2022-06-05 22:37:35,542    settings.setting - INFO : Config file Read successfully!
2022-06-05 22:38:21,617    app.run - INFO : New directory created 'findNumOfOneInBNum'!
2022-06-05 23:06:49,699    settings.setting - INFO : Config file Read successfully!
2022-06-05 23:09:24,475    app.run - INFO : New directory created 'findUniqueNumberOthNum2'!
2022-06-05 23:18:58,079    settings.setting - INFO : Config file Read successfully!
2022-06-05 23:19:45,857    app.run - INFO : New directory created 'find2UniqueNumberOthNum2x'!
2022-06-05 23:54:42,854    settings.setting - INFO : Config file Read successfully!
2022-06-05 23:55:24,889    app.run - INFO : New directory created 'findUniqueNumOthNum3xOrMore'!
